<?xml version="1.0" encoding="UTF-8"?>
<testsuite name="W14B_G4_Assignment1.AppTest" tests="1" skipped="0" failures="0" errors="0" timestamp="2020-10-11T10:36:58" hostname="Ron-MingdeMacBook-Pro.local" time="0.027">
  <properties/>
  <testcase name="startTest()" classname="W14B_G4_Assignment1.AppTest" time="0.027"/>
  <system-out><![CDATA[Exception error
]]></system-out>
  <system-err><![CDATA[]]></system-err>
</testsuite>
