<?xml version="1.0" encoding="UTF-8"?>
<testsuite name="W14B_G4_Assignment1.UIWindowTest" tests="1" skipped="1" failures="0" errors="0" timestamp="2020-10-11T10:36:58" hostname="Ron-MingdeMacBook-Pro.local" time="22.198">
  <properties/>
  <testcase name="testWindowShow1()" classname="W14B_G4_Assignment1.UIWindowTest" time="22.198">
    <skipped/>
  </testcase>
  <system-out><![CDATA[]]></system-out>
  <system-err><![CDATA[Exception in thread "JavaFX Application Thread" java.lang.RuntimeException: java.lang.reflect.InvocationTargetException
	at javafx.fxml.FXMLLoader$MethodHandler.invoke(FXMLLoader.java:1787)
	at javafx.fxml.FXMLLoader$ControllerMethodEventHandler.handle(FXMLLoader.java:1670)
	at com.sun.javafx.event.CompositeEventHandler.dispatchBubblingEvent(CompositeEventHandler.java:86)
	at com.sun.javafx.event.EventHandlerManager.dispatchBubblingEvent(EventHandlerManager.java:238)
	at com.sun.javafx.event.EventHandlerManager.dispatchBubblingEvent(EventHandlerManager.java:191)
	at com.sun.javafx.event.CompositeEventDispatcher.dispatchBubblingEvent(CompositeEventDispatcher.java:59)
	at com.sun.javafx.event.BasicEventDispatcher.dispatchEvent(BasicEventDispatcher.java:58)
	at com.sun.javafx.event.EventDispatchChainImpl.dispatchEvent(EventDispatchChainImpl.java:114)
	at com.sun.javafx.event.BasicEventDispatcher.dispatchEvent(BasicEventDispatcher.java:56)
	at com.sun.javafx.event.EventDispatchChainImpl.dispatchEvent(EventDispatchChainImpl.java:114)
	at com.sun.javafx.event.BasicEventDispatcher.dispatchEvent(BasicEventDispatcher.java:56)
	at com.sun.javafx.event.EventDispatchChainImpl.dispatchEvent(EventDispatchChainImpl.java:114)
	at com.sun.javafx.event.EventUtil.fireEventImpl(EventUtil.java:74)
	at com.sun.javafx.event.EventUtil.fireEvent(EventUtil.java:49)
	at javafx.event.Event.fireEvent(Event.java:198)
	at javafx.scene.Node.fireEvent(Node.java:8890)
	at javafx.scene.control.ChoiceBox$4.invalidated(ChoiceBox.java:331)
	at javafx.beans.property.ObjectPropertyBase.markInvalid(ObjectPropertyBase.java:112)
	at javafx.beans.property.ObjectPropertyBase.set(ObjectPropertyBase.java:147)
	at javafx.scene.control.ChoiceBox.setValue(ChoiceBox.java:340)
	at javafx.scene.control.ChoiceBox.lambda$new$1(ChoiceBox.java:192)
	at com.sun.javafx.binding.ExpressionHelper$Generic.fireValueChangedEvent(ExpressionHelper.java:360)
	at com.sun.javafx.binding.ExpressionHelper.fireValueChangedEvent(ExpressionHelper.java:80)
	at javafx.beans.property.ReadOnlyObjectPropertyBase.fireValueChangedEvent(ReadOnlyObjectPropertyBase.java:74)
	at javafx.beans.property.ReadOnlyObjectWrapper.fireValueChangedEvent(ReadOnlyObjectWrapper.java:102)
	at javafx.beans.property.ObjectPropertyBase.markInvalid(ObjectPropertyBase.java:113)
	at javafx.beans.property.ObjectPropertyBase.set(ObjectPropertyBase.java:147)
	at javafx.scene.control.SelectionModel.setSelectedItem(SelectionModel.java:105)
	at javafx.scene.control.SingleSelectionModel.updateSelectedIndex(SingleSelectionModel.java:223)
	at javafx.scene.control.SingleSelectionModel.select(SingleSelectionModel.java:149)
	at javafx.scene.control.ChoiceBox$ChoiceBoxSelectionModel.select(ChoiceBox.java:578)
	at javafx.scene.control.skin.ChoiceBoxSkin.lambda$addPopupItem$7(ChoiceBoxSkin.java:383)
	at com.sun.javafx.event.CompositeEventHandler.dispatchBubblingEvent(CompositeEventHandler.java:86)
	at com.sun.javafx.event.EventHandlerManager.dispatchBubblingEvent(EventHandlerManager.java:238)
	at com.sun.javafx.event.EventHandlerManager.dispatchBubblingEvent(EventHandlerManager.java:191)
	at com.sun.javafx.event.BasicEventDispatcher.dispatchEvent(BasicEventDispatcher.java:58)
	at com.sun.javafx.event.EventDispatchChainImpl.dispatchEvent(EventDispatchChainImpl.java:114)
	at com.sun.javafx.event.EventUtil.fireEventImpl(EventUtil.java:74)
	at com.sun.javafx.event.EventUtil.fireEvent(EventUtil.java:49)
	at javafx.event.Event.fireEvent(Event.java:198)
	at javafx.scene.control.MenuItem.fire(MenuItem.java:459)
	at com.sun.javafx.scene.control.ContextMenuContent$MenuItemContainer.doSelect(ContextMenuContent.java:1380)
	at com.sun.javafx.scene.control.ContextMenuContent$MenuItemContainer.lambda$createChildren$12(ContextMenuContent.java:1333)
	at com.sun.javafx.event.CompositeEventHandler$NormalEventHandlerRecord.handleBubblingEvent(CompositeEventHandler.java:218)
	at com.sun.javafx.event.CompositeEventHandler.dispatchBubblingEvent(CompositeEventHandler.java:80)
	at com.sun.javafx.event.EventHandlerManager.dispatchBubblingEvent(EventHandlerManager.java:238)
	at com.sun.javafx.event.EventHandlerManager.dispatchBubblingEvent(EventHandlerManager.java:191)
	at com.sun.javafx.event.CompositeEventDispatcher.dispatchBubblingEvent(CompositeEventDispatcher.java:59)
	at com.sun.javafx.event.BasicEventDispatcher.dispatchEvent(BasicEventDispatcher.java:58)
	at com.sun.javafx.event.EventDispatchChainImpl.dispatchEvent(EventDispatchChainImpl.java:114)
	at com.sun.javafx.event.BasicEventDispatcher.dispatchEvent(BasicEventDispatcher.java:56)
	at com.sun.javafx.event.EventDispatchChainImpl.dispatchEvent(EventDispatchChainImpl.java:114)
	at com.sun.javafx.event.BasicEventDispatcher.dispatchEvent(BasicEventDispatcher.java:56)
	at com.sun.javafx.event.EventDispatchChainImpl.dispatchEvent(EventDispatchChainImpl.java:114)
	at com.sun.javafx.event.BasicEventDispatcher.dispatchEvent(BasicEventDispatcher.java:56)
	at com.sun.javafx.event.EventDispatchChainImpl.dispatchEvent(EventDispatchChainImpl.java:114)
	at com.sun.javafx.event.EventUtil.fireEventImpl(EventUtil.java:74)
	at com.sun.javafx.event.EventUtil.fireEvent(EventUtil.java:54)
	at javafx.event.Event.fireEvent(Event.java:198)
	at javafx.scene.Scene$MouseHandler.process(Scene.java:3862)
	at javafx.scene.Scene.processMouseEvent(Scene.java:1849)
	at javafx.scene.Scene$ScenePeerListener.mouseEvent(Scene.java:2590)
	at com.sun.javafx.tk.quantum.GlassViewEventHandler$MouseEventNotification.run(GlassViewEventHandler.java:409)
	at com.sun.javafx.tk.quantum.GlassViewEventHandler$MouseEventNotification.run(GlassViewEventHandler.java:299)
	at java.base/java.security.AccessController.doPrivileged(Native Method)
	at com.sun.javafx.tk.quantum.GlassViewEventHandler.lambda$handleMouseEvent$2(GlassViewEventHandler.java:447)
	at com.sun.javafx.tk.quantum.QuantumToolkit.runWithoutRenderLock(QuantumToolkit.java:411)
	at com.sun.javafx.tk.quantum.GlassViewEventHandler.handleMouseEvent(GlassViewEventHandler.java:446)
	at com.sun.glass.ui.View.handleMouseEvent(View.java:556)
	at com.sun.glass.ui.View.notifyMouse(View.java:942)
	at com.sun.glass.ui.mac.MacView.notifyMouse(MacView.java:127)
Caused by: java.lang.reflect.InvocationTargetException
	at java.base/jdk.internal.reflect.NativeMethodAccessorImpl.invoke0(Native Method)
	at java.base/jdk.internal.reflect.NativeMethodAccessorImpl.invoke(NativeMethodAccessorImpl.java:62)
	at java.base/jdk.internal.reflect.DelegatingMethodAccessorImpl.invoke(DelegatingMethodAccessorImpl.java:43)
	at java.base/java.lang.reflect.Method.invoke(Method.java:566)
	at com.sun.javafx.reflect.Trampoline.invoke(MethodUtil.java:76)
	at jdk.internal.reflect.GeneratedMethodAccessor26.invoke(Unknown Source)
	at java.base/jdk.internal.reflect.DelegatingMethodAccessorImpl.invoke(DelegatingMethodAccessorImpl.java:43)
	at java.base/java.lang.reflect.Method.invoke(Method.java:566)
	at com.sun.javafx.reflect.MethodUtil.invoke(MethodUtil.java:273)
	at com.sun.javafx.fxml.MethodHelper.invoke(MethodHelper.java:83)
	at javafx.fxml.FXMLLoader$MethodHandler.invoke(FXMLLoader.java:1782)
	... 70 more
Caused by: java.lang.NullPointerException
	at W14B_G4_Assignment1.model.Calculator.<init>(Calculator.java:16)
	at W14B_G4_Assignment1.view.AdminController.historyEvent(AdminController.java:105)
	... 81 more
Exception in thread "JavaFX Application Thread" java.lang.RuntimeException: java.lang.reflect.InvocationTargetException
	at javafx.fxml.FXMLLoader$MethodHandler.invoke(FXMLLoader.java:1787)
	at javafx.fxml.FXMLLoader$ControllerMethodEventHandler.handle(FXMLLoader.java:1670)
	at com.sun.javafx.event.CompositeEventHandler.dispatchBubblingEvent(CompositeEventHandler.java:86)
	at com.sun.javafx.event.EventHandlerManager.dispatchBubblingEvent(EventHandlerManager.java:238)
	at com.sun.javafx.event.EventHandlerManager.dispatchBubblingEvent(EventHandlerManager.java:191)
	at com.sun.javafx.event.CompositeEventDispatcher.dispatchBubblingEvent(CompositeEventDispatcher.java:59)
	at com.sun.javafx.event.BasicEventDispatcher.dispatchEvent(BasicEventDispatcher.java:58)
	at com.sun.javafx.event.EventDispatchChainImpl.dispatchEvent(EventDispatchChainImpl.java:114)
	at com.sun.javafx.event.BasicEventDispatcher.dispatchEvent(BasicEventDispatcher.java:56)
	at com.sun.javafx.event.EventDispatchChainImpl.dispatchEvent(EventDispatchChainImpl.java:114)
	at com.sun.javafx.event.BasicEventDispatcher.dispatchEvent(BasicEventDispatcher.java:56)
	at com.sun.javafx.event.EventDispatchChainImpl.dispatchEvent(EventDispatchChainImpl.java:114)
	at com.sun.javafx.event.EventUtil.fireEventImpl(EventUtil.java:74)
	at com.sun.javafx.event.EventUtil.fireEvent(EventUtil.java:49)
	at javafx.event.Event.fireEvent(Event.java:198)
	at javafx.scene.Node.fireEvent(Node.java:8890)
	at javafx.scene.control.ChoiceBox$4.invalidated(ChoiceBox.java:331)
	at javafx.beans.property.ObjectPropertyBase.markInvalid(ObjectPropertyBase.java:112)
	at javafx.beans.property.ObjectPropertyBase.set(ObjectPropertyBase.java:147)
	at javafx.scene.control.ChoiceBox.setValue(ChoiceBox.java:340)
	at javafx.scene.control.ChoiceBox.lambda$new$1(ChoiceBox.java:192)
	at com.sun.javafx.binding.ExpressionHelper$Generic.fireValueChangedEvent(ExpressionHelper.java:360)
	at com.sun.javafx.binding.ExpressionHelper.fireValueChangedEvent(ExpressionHelper.java:80)
	at javafx.beans.property.ReadOnlyObjectPropertyBase.fireValueChangedEvent(ReadOnlyObjectPropertyBase.java:74)
	at javafx.beans.property.ReadOnlyObjectWrapper.fireValueChangedEvent(ReadOnlyObjectWrapper.java:102)
	at javafx.beans.property.ObjectPropertyBase.markInvalid(ObjectPropertyBase.java:113)
	at javafx.beans.property.ObjectPropertyBase.set(ObjectPropertyBase.java:147)
	at javafx.scene.control.SelectionModel.setSelectedItem(SelectionModel.java:105)
	at javafx.scene.control.SingleSelectionModel.updateSelectedIndex(SingleSelectionModel.java:223)
	at javafx.scene.control.SingleSelectionModel.select(SingleSelectionModel.java:149)
	at javafx.scene.control.ChoiceBox$ChoiceBoxSelectionModel.select(ChoiceBox.java:578)
	at javafx.scene.control.skin.ChoiceBoxSkin.lambda$addPopupItem$7(ChoiceBoxSkin.java:383)
	at com.sun.javafx.event.CompositeEventHandler.dispatchBubblingEvent(CompositeEventHandler.java:86)
	at com.sun.javafx.event.EventHandlerManager.dispatchBubblingEvent(EventHandlerManager.java:238)
	at com.sun.javafx.event.EventHandlerManager.dispatchBubblingEvent(EventHandlerManager.java:191)
	at com.sun.javafx.event.BasicEventDispatcher.dispatchEvent(BasicEventDispatcher.java:58)
	at com.sun.javafx.event.EventDispatchChainImpl.dispatchEvent(EventDispatchChainImpl.java:114)
	at com.sun.javafx.event.EventUtil.fireEventImpl(EventUtil.java:74)
	at com.sun.javafx.event.EventUtil.fireEvent(EventUtil.java:49)
	at javafx.event.Event.fireEvent(Event.java:198)
	at javafx.scene.control.MenuItem.fire(MenuItem.java:459)
	at com.sun.javafx.scene.control.ContextMenuContent$MenuItemContainer.doSelect(ContextMenuContent.java:1380)
	at com.sun.javafx.scene.control.ContextMenuContent$MenuItemContainer.lambda$createChildren$12(ContextMenuContent.java:1333)
	at com.sun.javafx.event.CompositeEventHandler$NormalEventHandlerRecord.handleBubblingEvent(CompositeEventHandler.java:218)
	at com.sun.javafx.event.CompositeEventHandler.dispatchBubblingEvent(CompositeEventHandler.java:80)
	at com.sun.javafx.event.EventHandlerManager.dispatchBubblingEvent(EventHandlerManager.java:238)
	at com.sun.javafx.event.EventHandlerManager.dispatchBubblingEvent(EventHandlerManager.java:191)
	at com.sun.javafx.event.CompositeEventDispatcher.dispatchBubblingEvent(CompositeEventDispatcher.java:59)
	at com.sun.javafx.event.BasicEventDispatcher.dispatchEvent(BasicEventDispatcher.java:58)
	at com.sun.javafx.event.EventDispatchChainImpl.dispatchEvent(EventDispatchChainImpl.java:114)
	at com.sun.javafx.event.BasicEventDispatcher.dispatchEvent(BasicEventDispatcher.java:56)
	at com.sun.javafx.event.EventDispatchChainImpl.dispatchEvent(EventDispatchChainImpl.java:114)
	at com.sun.javafx.event.BasicEventDispatcher.dispatchEvent(BasicEventDispatcher.java:56)
	at com.sun.javafx.event.EventDispatchChainImpl.dispatchEvent(EventDispatchChainImpl.java:114)
	at com.sun.javafx.event.BasicEventDispatcher.dispatchEvent(BasicEventDispatcher.java:56)
	at com.sun.javafx.event.EventDispatchChainImpl.dispatchEvent(EventDispatchChainImpl.java:114)
	at com.sun.javafx.event.EventUtil.fireEventImpl(EventUtil.java:74)
	at com.sun.javafx.event.EventUtil.fireEvent(EventUtil.java:54)
	at javafx.event.Event.fireEvent(Event.java:198)
	at javafx.scene.Scene$MouseHandler.process(Scene.java:3862)
	at javafx.scene.Scene.processMouseEvent(Scene.java:1849)
	at javafx.scene.Scene$ScenePeerListener.mouseEvent(Scene.java:2590)
	at com.sun.javafx.tk.quantum.GlassViewEventHandler$MouseEventNotification.run(GlassViewEventHandler.java:409)
	at com.sun.javafx.tk.quantum.GlassViewEventHandler$MouseEventNotification.run(GlassViewEventHandler.java:299)
	at java.base/java.security.AccessController.doPrivileged(Native Method)
	at com.sun.javafx.tk.quantum.GlassViewEventHandler.lambda$handleMouseEvent$2(GlassViewEventHandler.java:447)
	at com.sun.javafx.tk.quantum.QuantumToolkit.runWithoutRenderLock(QuantumToolkit.java:411)
	at com.sun.javafx.tk.quantum.GlassViewEventHandler.handleMouseEvent(GlassViewEventHandler.java:446)
	at com.sun.glass.ui.View.handleMouseEvent(View.java:556)
	at com.sun.glass.ui.View.notifyMouse(View.java:942)
	at com.sun.glass.ui.mac.MacView.notifyMouse(MacView.java:127)
Caused by: java.lang.reflect.InvocationTargetException
	at java.base/jdk.internal.reflect.NativeMethodAccessorImpl.invoke0(Native Method)
	at java.base/jdk.internal.reflect.NativeMethodAccessorImpl.invoke(NativeMethodAccessorImpl.java:62)
	at java.base/jdk.internal.reflect.DelegatingMethodAccessorImpl.invoke(DelegatingMethodAccessorImpl.java:43)
	at java.base/java.lang.reflect.Method.invoke(Method.java:566)
	at com.sun.javafx.reflect.Trampoline.invoke(MethodUtil.java:76)
	at jdk.internal.reflect.GeneratedMethodAccessor26.invoke(Unknown Source)
	at java.base/jdk.internal.reflect.DelegatingMethodAccessorImpl.invoke(DelegatingMethodAccessorImpl.java:43)
	at java.base/java.lang.reflect.Method.invoke(Method.java:566)
	at com.sun.javafx.reflect.MethodUtil.invoke(MethodUtil.java:273)
	at com.sun.javafx.fxml.MethodHelper.invoke(MethodHelper.java:83)
	at javafx.fxml.FXMLLoader$MethodHandler.invoke(FXMLLoader.java:1782)
	... 70 more
Caused by: java.lang.NullPointerException
	at W14B_G4_Assignment1.model.Calculator.<init>(Calculator.java:16)
	at W14B_G4_Assignment1.view.AdminController.historyEvent(AdminController.java:105)
	... 81 more
]]></system-err>
</testsuite>
